<?xml version="1.0" encoding="UTF-8"?>
<testng-results skipped="0" failed="0" total="1" passed="1">
  <reporter-output>
  </reporter-output>
  <suite name="Default suite" duration-ms="70672" started-at="2019-05-20T11:03:05Z" finished-at="2019-05-20T11:04:16Z">
    <groups>
    </groups>
    <test name="Default test" duration-ms="70672" started-at="2019-05-20T11:03:05Z" finished-at="2019-05-20T11:04:16Z">
      <class name="testCases.LoginTestCase10">
        <test-method status="PASS" signature="startReport()[pri:0, instance:testCases.LoginTestCase10@7cd62f43]" name="startReport" is-config="true" duration-ms="924" started-at="2019-05-20T16:33:04Z" finished-at="2019-05-20T16:33:05Z">
          <reporter-output>
          </reporter-output>
        </test-method> <!-- startReport -->
        <test-method status="PASS" signature="startBrowser()[pri:0, instance:testCases.LoginTestCase10@7cd62f43]" name="startBrowser" is-config="true" duration-ms="16767" started-at="2019-05-20T16:33:05Z" finished-at="2019-05-20T16:33:22Z">
          <reporter-output>
          </reporter-output>
        </test-method> <!-- startBrowser -->
        <test-method status="PASS" signature="setUpReport()[pri:0, instance:testCases.LoginTestCase10@7cd62f43]" name="setUpReport" is-config="true" duration-ms="7" started-at="2019-05-20T16:33:22Z" finished-at="2019-05-20T16:33:22Z">
          <reporter-output>
          </reporter-output>
        </test-method> <!-- setUpReport -->
        <test-method status="PASS" signature="loginToApplication()[pri:0, instance:testCases.LoginTestCase10@7cd62f43]" name="loginToApplication" duration-ms="51997" started-at="2019-05-20T16:33:22Z" finished-at="2019-05-20T16:34:14Z">
          <reporter-output>
          </reporter-output>
        </test-method> <!-- loginToApplication -->
        <test-method status="PASS" signature="tearDown(org.testng.ITestResult)[pri:0, instance:testCases.LoginTestCase10@7cd62f43]" name="tearDown" is-config="true" duration-ms="4" started-at="2019-05-20T16:34:14Z" finished-at="2019-05-20T16:34:14Z">
          <params>
            <param index="0">
              <value>
                <![CDATA[[TestResult name=loginToApplication status=SUCCESS method=LoginTestCase10.loginToApplication()[pri:0, instance:testCases.LoginTestCase10@7cd62f43] output={null}]]]>
              </value>
            </param>
          </params>
          <reporter-output>
          </reporter-output>
        </test-method> <!-- tearDown -->
        <test-method status="PASS" signature="closeBrowser()[pri:0, instance:testCases.LoginTestCase10@7cd62f43]" name="closeBrowser" is-config="true" duration-ms="1873" started-at="2019-05-20T16:34:14Z" finished-at="2019-05-20T16:34:16Z">
          <reporter-output>
          </reporter-output>
        </test-method> <!-- closeBrowser -->
        <test-method status="PASS" signature="closeReport()[pri:0, instance:testCases.LoginTestCase10@7cd62f43]" name="closeReport" is-config="true" duration-ms="511" started-at="2019-05-20T16:34:16Z" finished-at="2019-05-20T16:34:16Z">
          <reporter-output>
          </reporter-output>
        </test-method> <!-- closeReport -->
      </class> <!-- testCases.LoginTestCase10 -->
    </test> <!-- Default test -->
  </suite> <!-- Default suite -->
</testng-results>
